0 info it worked if it ends with ok
1 verbose cli [ '/home/rkaneko/.nodebrew/node/v6.9.0/bin/node',
1 verbose cli   '/home/rkaneko/.nodebrew/current/bin/npm',
1 verbose cli   'run',
1 verbose cli   'flow' ]
2 info using npm@3.10.8
3 info using node@v6.9.0
4 verbose run-script [ 'preflow', 'flow', 'postflow' ]
5 info lifecycle flowtype-basics@1.0.0~preflow: flowtype-basics@1.0.0
6 silly lifecycle flowtype-basics@1.0.0~preflow: no script for preflow, continuing
7 info lifecycle flowtype-basics@1.0.0~flow: flowtype-basics@1.0.0
8 verbose lifecycle flowtype-basics@1.0.0~flow: unsafe-perm in lifecycle true
9 verbose lifecycle flowtype-basics@1.0.0~flow: PATH: /home/rkaneko/.nodebrew/node/v6.9.0/lib/node_modules/npm/bin/node-gyp-bin:/home/rkaneko/workspace/flowtype-basics/node_modules/.bin:/home/rkaneko/.nodebrew/node/v6.9.0/bin:/home/rkaneko/.nodebrew/current/bin:/home/rkaneko/.pyenv/plugins/pyenv-virtualenv/shims:/home/rkaneko/.pyenv/shims:/home/rkaneko/.pyenv/bin:/home/rkaneko/go/bin:/usr/local/go/1.6.2/bin:/usr/local/jdk/1.8.0_92/bin:/usr/local/bin:/usr/local/sbin:/home/rkaneko/.sdkman/candidates/gradle/current/bin:/home/rkaneko/.nodebrew/current/bin:/home/rkaneko/.pyenv/plugins/pyenv-virtualenv/shims:/home/rkaneko/.pyenv/shims:/home/rkaneko/.pyenv/bin:/home/rkaneko/go/bin:/usr/local/go/1.6.2/bin:/usr/local/jdk/1.8.0_92/bin:/usr/sbin:/usr/bin:/sbin:/bin:/usr/games:/usr/local/games:/snap/bin:/home/rkaneko/.fzf/bin
10 verbose lifecycle flowtype-basics@1.0.0~flow: CWD: /home/rkaneko/workspace/flowtype-basics
11 silly lifecycle flowtype-basics@1.0.0~flow: Args: [ '-c', 'flow' ]
12 silly lifecycle flowtype-basics@1.0.0~flow: Returned: code: 2  signal: null
13 info lifecycle flowtype-basics@1.0.0~flow: Failed to exec flow script
14 verbose stack Error: flowtype-basics@1.0.0 flow: `flow`
14 verbose stack Exit status 2
14 verbose stack     at EventEmitter.<anonymous> (/home/rkaneko/.nodebrew/node/v6.9.0/lib/node_modules/npm/lib/utils/lifecycle.js:255:16)
14 verbose stack     at emitTwo (events.js:106:13)
14 verbose stack     at EventEmitter.emit (events.js:191:7)
14 verbose stack     at ChildProcess.<anonymous> (/home/rkaneko/.nodebrew/node/v6.9.0/lib/node_modules/npm/lib/utils/spawn.js:40:14)
14 verbose stack     at emitTwo (events.js:106:13)
14 verbose stack     at ChildProcess.emit (events.js:191:7)
14 verbose stack     at maybeClose (internal/child_process.js:877:16)
14 verbose stack     at Process.ChildProcess._handle.onexit (internal/child_process.js:226:5)
15 verbose pkgid flowtype-basics@1.0.0
16 verbose cwd /home/rkaneko/workspace/flowtype-basics
17 error Linux 4.4.0-70-generic
18 error argv "/home/rkaneko/.nodebrew/node/v6.9.0/bin/node" "/home/rkaneko/.nodebrew/current/bin/npm" "run" "flow"
19 error node v6.9.0
20 error npm  v3.10.8
21 error code ELIFECYCLE
22 error flowtype-basics@1.0.0 flow: `flow`
22 error Exit status 2
23 error Failed at the flowtype-basics@1.0.0 flow script 'flow'.
23 error Make sure you have the latest version of node.js and npm installed.
23 error If you do, this is most likely a problem with the flowtype-basics package,
23 error not with npm itself.
23 error Tell the author that this fails on your system:
23 error     flow
23 error You can get information on how to open an issue for this project with:
23 error     npm bugs flowtype-basics
23 error Or if that isn't available, you can get their info via:
23 error     npm owner ls flowtype-basics
23 error There is likely additional logging output above.
24 verbose exit [ 1, true ]
